app/build/outputs/logs/manifest-merger-debug-report.txt
-- Merging decision tree log ---
manifest
ADDED from src/main/AndroidManifest.xml:2:1-146:12
	package
		ADDED from src/main/AndroidManifest.xml:3:5-38
		INJECTED from src/main/AndroidManifest.xml
		INJECTED from src/main/AndroidManifest.xml
	android:versionName
		ADDED from src/main/AndroidManifest.xml:6:5-30
		INJECTED from src/main/AndroidManifest.xml
		INJECTED from src/main/AndroidManifest.xml
	android:permission
		ADDED from src/main/AndroidManifest.xml:4:5-67
	android:versionCode
		ADDED from src/main/AndroidManifest.xml:5:5-28
		INJECTED from src/main/AndroidManifest.xml
		INJECTED from src/main/AndroidManifest.xml
	xmlns:android
		ADDED from src/main/AndroidManifest.xml:2:11-69
uses-sdk
ADDED from src/main/AndroidManifest.xml:8:5-10:41
MERGED from [com.android.support:appcompat-v7:19.1.0] AndroidManifest.xml:18:5-42
	android:targetSdkVersion
		ADDED from src/main/AndroidManifest.xml:10:9-38
		INJECTED from src/main/AndroidManifest.xml
		INJECTED from src/main/AndroidManifest.xml
	android:minSdkVersion
		ADDED from src/main/AndroidManifest.xml:9:9-35
		INJECTED from src/main/AndroidManifest.xml
		INJECTED from src/main/AndroidManifest.xml
uses-permission#android.permission.READ_EXTERNAL_STORAGE
ADDED from src/main/AndroidManifest.xml:12:5-80
	android:name
		ADDED from src/main/AndroidManifest.xml:12:22-77
uses-permission#android.permission.WRITE_EXTERNAL_STORAGE
ADDED from src/main/AndroidManifest.xml:13:5-81
	android:name
		ADDED from src/main/AndroidManifest.xml:13:22-78
uses-permission#android.permission.RECORD_AUDIO
ADDED from src/main/AndroidManifest.xml:14:5-71
	android:name
		ADDED from src/main/AndroidManifest.xml:14:22-68
uses-permission#android.permission.VIBRATE
ADDED from src/main/AndroidManifest.xml:15:5-66
	android:name
		ADDED from src/main/AndroidManifest.xml:15:22-63
uses-permission#android.permission.RECEIVE_BOOT_COMPLETED
ADDED from src/main/AndroidManifest.xml:16:5-81
	android:name
		ADDED from src/main/AndroidManifest.xml:16:22-78
uses-permission#android.permission.WAKE_LOCK
ADDED from src/main/AndroidManifest.xml:17:5-68
	android:name
		ADDED from src/main/AndroidManifest.xml:17:22-65
uses-permission#android.permission.BLUETOOTH
ADDED from src/main/AndroidManifest.xml:18:5-67
	android:name
		ADDED from src/main/AndroidManifest.xml:18:22-65
uses-permission#android.permission.BLUETOOTH_ADMIN
ADDED from src/main/AndroidManifest.xml:19:5-73
	android:name
		ADDED from src/main/AndroidManifest.xml:19:22-71
uses-permission#android.permission.READ_PHONE_STATE
ADDED from src/main/AndroidManifest.xml:20:5-75
	android:name
		ADDED from src/main/AndroidManifest.xml:20:22-72
uses-permission#android.permission.USES_POLICY_FORCE_LOCK
ADDED from src/main/AndroidManifest.xml:21:5-81
	android:name
		ADDED from src/main/AndroidManifest.xml:21:22-78
supports-screens
ADDED from src/main/AndroidManifest.xml:23:5-27:40
	android:largeScreens
		ADDED from src/main/AndroidManifest.xml:24:9-36
	android:smallScreens
		ADDED from src/main/AndroidManifest.xml:26:9-36
	android:normalScreens
		ADDED from src/main/AndroidManifest.xml:25:9-37
	android:xlargeScreens
		ADDED from src/main/AndroidManifest.xml:27:9-37
application
ADDED from src/main/AndroidManifest.xml:29:5-107:19
MERGED from [com.android.support:appcompat-v7:19.1.0] AndroidManifest.xml:19:5-20
	android:label
		ADDED from src/main/AndroidManifest.xml:32:9-41
	android:allowBackup
		ADDED from src/main/AndroidManifest.xml:30:9-35
	android:icon
		ADDED from src/main/AndroidManifest.xml:31:9-45
	android:theme
		ADDED from src/main/AndroidManifest.xml:33:9-40
activity#net.raffy.mp3alarmclock.view.activity.MainActivity
ADDED from src/main/AndroidManifest.xml:34:9-42:20
	android:label
		ADDED from src/main/AndroidManifest.xml:36:13-45
	android:name
		ADDED from src/main/AndroidManifest.xml:35:13-78
intent-filter#android.intent.action.MAIN+android.intent.category.LAUNCHER
ADDED from src/main/AndroidManifest.xml:37:13-41:29
action#android.intent.action.MAIN
ADDED from src/main/AndroidManifest.xml:38:17-69
	android:name
		ADDED from src/main/AndroidManifest.xml:38:25-66
category#android.intent.category.LAUNCHER
ADDED from src/main/AndroidManifest.xml:40:17-77
	android:name
		ADDED from src/main/AndroidManifest.xml:40:27-74
activity#net.raffy.mp3alarmclock.view.activity.RingingAlarmActivity
ADDED from src/main/AndroidManifest.xml:43:9-50:20
	android:parentActivityName
		ADDED from src/main/AndroidManifest.xml:45:13-92
	android:theme
		ADDED from src/main/AndroidManifest.xml:46:13-55
	android:name
		ADDED from src/main/AndroidManifest.xml:44:13-86
meta-data#android.support.PARENT_ACTIVITY
ADDED from src/main/AndroidManifest.xml:47:13-49:86
	android:value
		ADDED from src/main/AndroidManifest.xml:49:17-83
	android:name
		ADDED from src/main/AndroidManifest.xml:48:17-63
activity#net.raffy.mp3alarmclock.view.activity.AboutActivity
ADDED from src/main/AndroidManifest.xml:51:9-57:20
	android:parentActivityName
		ADDED from src/main/AndroidManifest.xml:53:13-92
	android:name
		ADDED from src/main/AndroidManifest.xml:52:13-79
activity#net.raffy.mp3alarmclock.bluetooth.MainActivityBluetooth
ADDED from src/main/AndroidManifest.xml:58:9-64:20
	android:parentActivityName
		ADDED from src/main/AndroidManifest.xml:60:13-92
	android:name
		ADDED from src/main/AndroidManifest.xml:59:13-83
activity#net.raffy.mp3alarmclock.morning_drone.Bluetooth2
ADDED from src/main/AndroidManifest.xml:65:9-71:20
	android:parentActivityName
		ADDED from src/main/AndroidManifest.xml:67:13-92
	android:name
		ADDED from src/main/AndroidManifest.xml:66:13-76
activity#net.raffy.mp3alarmclock.bluetooth.MyActivityBluetooth
ADDED from src/main/AndroidManifest.xml:72:9-78:20
	android:parentActivityName
		ADDED from src/main/AndroidManifest.xml:74:13-92
	android:name
		ADDED from src/main/AndroidManifest.xml:73:13-81
activity#net.raffy.mp3alarmclock.bluetooth.MonitorActivityBluetooth
ADDED from src/main/AndroidManifest.xml:79:9-81
	android:name
		ADDED from src/main/AndroidManifest.xml:79:19-69
activity#net.raffy.mp3alarmclock.bluetooth.SearchDeviceActivityBluetooth
ADDED from src/main/AndroidManifest.xml:80:9-86
	android:name
		ADDED from src/main/AndroidManifest.xml:80:19-74
activity#net.raffy.mp3alarmclock.bluetooth.SettingsActivityBluetooth
ADDED from src/main/AndroidManifest.xml:81:9-82
	android:name
		ADDED from src/main/AndroidManifest.xml:81:19-70
activity#net.raffy.mp3alarmclock.bluetooth.NextActivityBluetooth
ADDED from src/main/AndroidManifest.xml:82:9-78
	android:name
		ADDED from src/main/AndroidManifest.xml:82:19-66
service#net.raffy.mp3alarmclock.view.MediaPlayerService
ADDED from src/main/AndroidManifest.xml:85:9-88:82
	android:enabled
		ADDED from src/main/AndroidManifest.xml:87:13-35
	android:permission
		ADDED from src/main/AndroidManifest.xml:88:13-79
	android:name
		ADDED from src/main/AndroidManifest.xml:86:13-75
receiver#net.raffy.mp3alarmclock.view.PlayAlarmReceiver
ADDED from src/main/AndroidManifest.xml:90:9-96:20
	android:enabled
		ADDED from src/main/AndroidManifest.xml:92:13-35
	android:name
		ADDED from src/main/AndroidManifest.xml:91:13-74
intent-filter#android.intent.action.BOOT_COMPLETED
ADDED from src/main/AndroidManifest.xml:93:13-95:29
action#android.intent.action.BOOT_COMPLETED
ADDED from src/main/AndroidManifest.xml:94:17-79
	android:name
		ADDED from src/main/AndroidManifest.xml:94:25-76
provider#net.raffy.mp3alarmclock.view.activity.AlarmClockProvider
ADDED from src/main/AndroidManifest.xml:97:9-100:40
	android:authorities
		ADDED from src/main/AndroidManifest.xml:99:13-67
	android:exported
		ADDED from src/main/AndroidManifest.xml:100:13-37
	android:name
		ADDED from src/main/AndroidManifest.xml:98:13-84
activity#net.raffy.mp3alarmclock.view.activity.AlarmNotificationActivity
ADDED from src/main/AndroidManifest.xml:101:9-106:49
	android:screenOrientation
		ADDED from src/main/AndroidManifest.xml:103:13-49
	android:excludeFromRecents
		ADDED from src/main/AndroidManifest.xml:106:13-46
	android:launchMode
		ADDED from src/main/AndroidManifest.xml:104:13-48
	android:taskAffinity
		ADDED from src/main/AndroidManifest.xml:105:13-36
	android:name
		ADDED from src/main/AndroidManifest.xml:102:13-91